This file contains any messages produced by compilers while
running configure, to aid debugging if configure makes a mistake.

It was created by configure, which was
generated by GNU Autoconf 2.59.  Invocation command line was

  $ ./configure 

## --------- ##
## Platform. ##
## --------- ##

hostname = AY1305261137121230b6Z
uname -m = x86_64
uname -r = 2.6.18-274.el5
uname -s = Linux
uname -v = #1 SMP Fri Jul 22 04:43:29 EDT 2011

/usr/bin/uname -p = unknown
/bin/uname -X     = unknown

/bin/arch              = x86_64
/usr/bin/arch -k       = unknown
/usr/convex/getsysinfo = unknown
hostinfo               = unknown
/bin/machine           = unknown
/usr/bin/oslevel       = unknown
/bin/universe          = unknown

PATH: /usr/local/java/jdk1.6.0_24/bin
PATH: /usr/kerberos/bin
PATH: /usr/lib64/ccache
PATH: /usr/local/bin
PATH: /bin
PATH: /usr/bin
PATH: /home/hetao/bin


## ----------- ##
## Core tests. ##
## ----------- ##

configure:1496: checking for egrep
configure:1506: result: grep -E
configure:1511: checking for a sed that does not truncate output
configure:1567: result: /bin/sed
configure:1697: checking for cc
configure:1713: found /usr/lib64/ccache/cc
configure:1723: result: cc
configure:1744: checking for C compiler version
configure:1747: cc --version </dev/null >&5
cc (GCC) 4.1.2 20080704 (Red Hat 4.1.2-54)
Copyright (C) 2006 Free Software Foundation, Inc.
This is free software; see the source for copying conditions.  There is NO
warranty; not even for MERCHANTABILITY or FITNESS FOR A PARTICULAR PURPOSE.

configure:1750: $? = 0
configure:1752: cc -v </dev/null >&5
Using built-in specs.
Target: x86_64-redhat-linux
Configured with: ../configure --prefix=/usr --mandir=/usr/share/man --infodir=/usr/share/info --enable-shared --enable-threads=posix --enable-checking=release --with-system-zlib --enable-__cxa_atexit --disable-libunwind-exceptions --enable-libgcj-multifile --enable-languages=c,c++,objc,obj-c++,java,fortran,ada --enable-java-awt=gtk --disable-dssi --disable-plugin --with-java-home=/usr/lib/jvm/java-1.4.2-gcj-1.4.2.0/jre --with-cpu=generic --host=x86_64-redhat-linux
Thread model: posix
gcc version 4.1.2 20080704 (Red Hat 4.1.2-54)
configure:1755: $? = 0
configure:1757: cc -V </dev/null >&5
cc: '-V' option must have argument
configure:1760: $? = 1
configure:1783: checking for C compiler default output file name
configure:1786: cc    conftest.c  >&5
configure:1789: $? = 0
configure:1835: result: a.out
configure:1840: checking whether the C compiler works
configure:1846: ./a.out
configure:1849: $? = 0
configure:1866: result: yes
configure:1873: checking whether we are cross compiling
configure:1875: result: no
configure:1878: checking for suffix of executables
configure:1880: cc -o conftest    conftest.c  >&5
configure:1883: $? = 0
configure:1908: result: 
configure:1914: checking for suffix of object files
configure:1935: cc -c   conftest.c >&5
configure:1938: $? = 0
configure:1960: result: o
configure:1964: checking whether we are using the GNU C compiler
configure:1988: cc -c   conftest.c >&5
configure:1994: $? = 0
configure:1998: test -z 
			 || test ! -s conftest.err
configure:2001: $? = 0
configure:2004: test -s conftest.o
configure:2007: $? = 0
configure:2020: result: yes
configure:2026: checking whether cc accepts -g
configure:2047: cc -c -g  conftest.c >&5
configure:2053: $? = 0
configure:2057: test -z 
			 || test ! -s conftest.err
configure:2060: $? = 0
configure:2063: test -s conftest.o
configure:2066: $? = 0
configure:2077: result: yes
configure:2094: checking for cc option to accept ANSI C
configure:2164: cc  -c -g -O2  conftest.c >&5
configure:2170: $? = 0
configure:2174: test -z 
			 || test ! -s conftest.err
configure:2177: $? = 0
configure:2180: test -s conftest.o
configure:2183: $? = 0
configure:2201: result: none needed
configure:2219: cc -c -g -O2  conftest.c >&5
conftest.c:2: error: expected '=', ',', ';', 'asm' or '__attribute__' before 'me'
configure:2225: $? = 1
configure: failed program was:
| #ifndef __cplusplus
|   choke me
| #endif
configure:2364: checking how to run the C preprocessor
configure:2399: cc -E  conftest.c
configure:2405: $? = 0
configure:2437: cc -E  conftest.c
conftest.c:9:28: error: ac_nonexistent.h: No such file or directory
configure:2443: $? = 1
configure: failed program was:
| /* confdefs.h.  */
| 
| #define PACKAGE_NAME ""
| #define PACKAGE_TARNAME ""
| #define PACKAGE_VERSION ""
| #define PACKAGE_STRING ""
| #define PACKAGE_BUGREPORT ""
| /* end confdefs.h.  */
| #include <ac_nonexistent.h>
configure:2482: result: cc -E
configure:2506: cc -E  conftest.c
configure:2512: $? = 0
configure:2544: cc -E  conftest.c
conftest.c:9:28: error: ac_nonexistent.h: No such file or directory
configure:2550: $? = 1
configure: failed program was:
| /* confdefs.h.  */
| 
| #define PACKAGE_NAME ""
| #define PACKAGE_TARNAME ""
| #define PACKAGE_VERSION ""
| #define PACKAGE_STRING ""
| #define PACKAGE_BUGREPORT ""
| /* end confdefs.h.  */
| #include <ac_nonexistent.h>
configure:2596: checking for icc
configure:2609: result: no
configure:2623: checking for suncc
configure:2636: result: no
configure:2654: checking whether cc understands -c and -o together
configure:2681: cc -c conftest.c -o conftest.o >&5
configure:2684: $? = 0
configure:2686: cc -c conftest.c -o conftest.o >&5
configure:2689: $? = 0
configure:2728: result: yes
configure:2744: checking for system library directory
configure:2759: result: lib
configure:2766: checking if compiler supports -R
configure:2790: cc -o conftest -g -O2   conftest.c -R /usr/lib  >&5
cc: unrecognized option '-R'
/usr/lib: file not recognized: Is a directory
collect2: ld returned 1 exit status
configure:2796: $? = 1
configure: failed program was:
| /* confdefs.h.  */
| 
| #define PACKAGE_NAME ""
| #define PACKAGE_TARNAME ""
| #define PACKAGE_VERSION ""
| #define PACKAGE_STRING ""
| #define PACKAGE_BUGREPORT ""
| /* end confdefs.h.  */
| 
| int
| main ()
| {
| 
|   ;
|   return 0;
| }
configure:2823: result: no
configure:2828: checking if compiler supports -Wl,-rpath,
configure:2852: cc -o conftest -g -O2   conftest.c -Wl,-rpath,/usr/lib  >&5
configure:2858: $? = 0
configure:2862: test -z 
			 || test ! -s conftest.err
configure:2865: $? = 0
configure:2868: test -s conftest
configure:2871: $? = 0
configure:2885: result: yes
configure:2928: checking build system type
configure:2946: result: x86_64-redhat-linux-gnu
configure:2954: checking host system type
configure:2968: result: x86_64-redhat-linux-gnu
configure:2976: checking target system type
configure:2990: result: x86_64-redhat-linux-gnu
configure:3085: checking for PHP prefix
configure:3087: result: /usr
configure:3089: checking for PHP includes
configure:3091: result: -I/usr/include/php -I/usr/include/php/main -I/usr/include/php/TSRM -I/usr/include/php/Zend -I/usr/include/php/ext -I/usr/include/php/ext/date/lib
configure:3093: checking for PHP extension directory
configure:3095: result: /usr/lib64/php/modules
configure:3097: checking for PHP installed headers prefix
configure:3099: result: /usr/include/php
configure:3102: checking if debug is enabled
configure:3132: result: no
configure:3135: checking if zts is enabled
configure:3165: result: no
configure:3236: checking for re2c
configure:3265: result: no
configure:3289: WARNING: You will need re2c 0.13.4 or later if you want to regenerate PHP parsers.
configure:3303: checking for gawk
configure:3320: found /bin/gawk
configure:3330: result: gawk
configure:3377: checking whether to enable the thrift_protocol extension
configure:3416: result: yes, shared
configure:3477: checking for g++
configure:3493: found /usr/lib64/ccache/g++
configure:3503: result: g++
configure:3519: checking for C++ compiler version
configure:3522: g++ --version </dev/null >&5
g++ (GCC) 4.1.2 20080704 (Red Hat 4.1.2-54)
Copyright (C) 2006 Free Software Foundation, Inc.
This is free software; see the source for copying conditions.  There is NO
warranty; not even for MERCHANTABILITY or FITNESS FOR A PARTICULAR PURPOSE.

configure:3525: $? = 0
configure:3527: g++ -v </dev/null >&5
Using built-in specs.
Target: x86_64-redhat-linux
Configured with: ../configure --prefix=/usr --mandir=/usr/share/man --infodir=/usr/share/info --enable-shared --enable-threads=posix --enable-checking=release --with-system-zlib --enable-__cxa_atexit --disable-libunwind-exceptions --enable-libgcj-multifile --enable-languages=c,c++,objc,obj-c++,java,fortran,ada --enable-java-awt=gtk --disable-dssi --disable-plugin --with-java-home=/usr/lib/jvm/java-1.4.2-gcj-1.4.2.0/jre --with-cpu=generic --host=x86_64-redhat-linux
Thread model: posix
gcc version 4.1.2 20080704 (Red Hat 4.1.2-54)
configure:3530: $? = 0
configure:3532: g++ -V </dev/null >&5
g++: '-V' option must have argument
configure:3535: $? = 1
configure:3538: checking whether we are using the GNU C++ compiler
configure:3562: g++ -c   conftest.cc >&5
configure:3568: $? = 0
configure:3572: test -z 
			 || test ! -s conftest.err
configure:3575: $? = 0
configure:3578: test -s conftest.o
configure:3581: $? = 0
configure:3594: result: yes
configure:3600: checking whether g++ accepts -g
configure:3621: g++ -c -g  conftest.cc >&5
configure:3627: $? = 0
configure:3631: test -z 
			 || test ! -s conftest.err
configure:3634: $? = 0
configure:3637: test -s conftest.o
configure:3640: $? = 0
configure:3651: result: yes
configure:3693: g++ -c -g -O2  conftest.cc >&5
configure:3699: $? = 0
configure:3703: test -z 
			 || test ! -s conftest.err
configure:3706: $? = 0
configure:3709: test -s conftest.o
configure:3712: $? = 0
configure:3738: g++ -c -g -O2  conftest.cc >&5
conftest.cc: In function 'int main()':
conftest.cc:13: error: 'exit' was not declared in this scope
configure:3744: $? = 1
configure: failed program was:
| /* confdefs.h.  */
| 
| #define PACKAGE_NAME ""
| #define PACKAGE_TARNAME ""
| #define PACKAGE_VERSION ""
| #define PACKAGE_STRING ""
| #define PACKAGE_BUGREPORT ""
| /* end confdefs.h.  */
| 
| int
| main ()
| {
| exit (42);
|   ;
|   return 0;
| }
configure:3693: g++ -c -g -O2  conftest.cc >&5
configure:3699: $? = 0
configure:3703: test -z 
			 || test ! -s conftest.err
configure:3706: $? = 0
configure:3709: test -s conftest.o
configure:3712: $? = 0
configure:3738: g++ -c -g -O2  conftest.cc >&5
configure:3744: $? = 0
configure:3748: test -z 
			 || test ! -s conftest.err
configure:3751: $? = 0
configure:3754: test -s conftest.o
configure:3757: $? = 0
configure:3785: checking how to run the C++ preprocessor
configure:3816: g++ -E  conftest.cc
configure:3822: $? = 0
configure:3854: g++ -E  conftest.cc
conftest.cc:12:28: error: ac_nonexistent.h: No such file or directory
configure:3860: $? = 1
configure: failed program was:
| /* confdefs.h.  */
| 
| #define PACKAGE_NAME ""
| #define PACKAGE_TARNAME ""
| #define PACKAGE_VERSION ""
| #define PACKAGE_STRING ""
| #define PACKAGE_BUGREPORT ""
| #ifdef __cplusplus
| extern "C" void std::exit (int) throw (); using std::exit;
| #endif
| /* end confdefs.h.  */
| #include <ac_nonexistent.h>
configure:3899: result: g++ -E
configure:3923: g++ -E  conftest.cc
configure:3929: $? = 0
configure:3961: g++ -E  conftest.cc
conftest.cc:12:28: error: ac_nonexistent.h: No such file or directory
configure:3967: $? = 1
configure: failed program was:
| /* confdefs.h.  */
| 
| #define PACKAGE_NAME ""
| #define PACKAGE_TARNAME ""
| #define PACKAGE_VERSION ""
| #define PACKAGE_STRING ""
| #define PACKAGE_BUGREPORT ""
| #ifdef __cplusplus
| extern "C" void std::exit (int) throw (); using std::exit;
| #endif
| /* end confdefs.h.  */
| #include <ac_nonexistent.h>
configure:4507: checking for ld used by cc
configure:4574: result: /usr/bin/ld
configure:4583: checking if the linker (/usr/bin/ld) is GNU ld
configure:4598: result: yes
configure:4603: checking for /usr/bin/ld option to reload object files
configure:4610: result: -r
configure:4628: checking for BSD-compatible nm
configure:4677: result: /usr/bin/nm -B
configure:4681: checking whether ln -s works
configure:4685: result: yes
configure:4692: checking how to recognise dependent libraries
configure:4868: result: pass_all
configure:4955: cc -c -g -O2  conftest.c >&5
configure:4958: $? = 0
configure:5099: checking for ANSI C header files
configure:5124: cc -c -g -O2  conftest.c >&5
configure:5130: $? = 0
configure:5134: test -z 
			 || test ! -s conftest.err
configure:5137: $? = 0
configure:5140: test -s conftest.o
configure:5143: $? = 0
configure:5232: cc -o conftest -g -O2   conftest.c -lstdc++  >&5
conftest.c: In function 'main':
conftest.c:30: warning: incompatible implicit declaration of built-in function 'exit'
configure:5235: $? = 0
configure:5237: ./conftest
configure:5240: $? = 0
configure:5255: result: yes
configure:5279: checking for sys/types.h
configure:5295: cc -c -g -O2  conftest.c >&5
configure:5301: $? = 0
configure:5305: test -z 
			 || test ! -s conftest.err
configure:5308: $? = 0
configure:5311: test -s conftest.o
configure:5314: $? = 0
configure:5325: result: yes
configure:5279: checking for sys/stat.h
configure:5295: cc -c -g -O2  conftest.c >&5
configure:5301: $? = 0
configure:5305: test -z 
			 || test ! -s conftest.err
configure:5308: $? = 0
configure:5311: test -s conftest.o
configure:5314: $? = 0
configure:5325: result: yes
configure:5279: checking for stdlib.h
configure:5295: cc -c -g -O2  conftest.c >&5
configure:5301: $? = 0
configure:5305: test -z 
			 || test ! -s conftest.err
configure:5308: $? = 0
configure:5311: test -s conftest.o
configure:5314: $? = 0
configure:5325: result: yes
configure:5279: checking for string.h
configure:5295: cc -c -g -O2  conftest.c >&5
configure:5301: $? = 0
configure:5305: test -z 
			 || test ! -s conftest.err
configure:5308: $? = 0
configure:5311: test -s conftest.o
configure:5314: $? = 0
configure:5325: result: yes
configure:5279: checking for memory.h
configure:5295: cc -c -g -O2  conftest.c >&5
configure:5301: $? = 0
configure:5305: test -z 
			 || test ! -s conftest.err
configure:5308: $? = 0
configure:5311: test -s conftest.o
configure:5314: $? = 0
configure:5325: result: yes
configure:5279: checking for strings.h
configure:5295: cc -c -g -O2  conftest.c >&5
configure:5301: $? = 0
configure:5305: test -z 
			 || test ! -s conftest.err
configure:5308: $? = 0
configure:5311: test -s conftest.o
configure:5314: $? = 0
configure:5325: result: yes
configure:5279: checking for inttypes.h
configure:5295: cc -c -g -O2  conftest.c >&5
configure:5301: $? = 0
configure:5305: test -z 
			 || test ! -s conftest.err
configure:5308: $? = 0
configure:5311: test -s conftest.o
configure:5314: $? = 0
configure:5325: result: yes
configure:5279: checking for stdint.h
configure:5295: cc -c -g -O2  conftest.c >&5
configure:5301: $? = 0
configure:5305: test -z 
			 || test ! -s conftest.err
configure:5308: $? = 0
configure:5311: test -s conftest.o
configure:5314: $? = 0
configure:5325: result: yes
configure:5279: checking for unistd.h
configure:5295: cc -c -g -O2  conftest.c >&5
configure:5301: $? = 0
configure:5305: test -z 
			 || test ! -s conftest.err
configure:5308: $? = 0
configure:5311: test -s conftest.o
configure:5314: $? = 0
configure:5325: result: yes
configure:5351: checking dlfcn.h usability
configure:5363: cc -c -g -O2  conftest.c >&5
configure:5369: $? = 0
configure:5373: test -z 
			 || test ! -s conftest.err
configure:5376: $? = 0
configure:5379: test -s conftest.o
configure:5382: $? = 0
configure:5392: result: yes
configure:5396: checking dlfcn.h presence
configure:5406: cc -E  conftest.c
configure:5412: $? = 0
configure:5432: result: yes
configure:5467: checking for dlfcn.h
configure:5474: result: yes
configure:5497: checking how to run the C++ preprocessor
configure:5611: result: g++ -E
configure:5635: g++ -E  conftest.cc
configure:5641: $? = 0
configure:5673: g++ -E  conftest.cc
conftest.cc:24:28: error: ac_nonexistent.h: No such file or directory
configure:5679: $? = 1
configure: failed program was:
| /* confdefs.h.  */
| 
| #define PACKAGE_NAME ""
| #define PACKAGE_TARNAME ""
| #define PACKAGE_VERSION ""
| #define PACKAGE_STRING ""
| #define PACKAGE_BUGREPORT ""
| #ifdef __cplusplus
| extern "C" void std::exit (int) throw (); using std::exit;
| #endif
| #define COMPILE_DL_THRIFT_PROTOCOL 1
| #define STDC_HEADERS 1
| #define HAVE_SYS_TYPES_H 1
| #define HAVE_SYS_STAT_H 1
| #define HAVE_STDLIB_H 1
| #define HAVE_STRING_H 1
| #define HAVE_MEMORY_H 1
| #define HAVE_STRINGS_H 1
| #define HAVE_INTTYPES_H 1
| #define HAVE_STDINT_H 1
| #define HAVE_UNISTD_H 1
| #define HAVE_DLFCN_H 1
| /* end confdefs.h.  */
| #include <ac_nonexistent.h>
configure:5776: checking for g77
configure:5805: result: no
configure:5776: checking for f77
configure:5805: result: no
configure:5776: checking for xlf
configure:5805: result: no
configure:5776: checking for frt
configure:5805: result: no
configure:5776: checking for pgf77
configure:5805: result: no
configure:5776: checking for fort77
configure:5805: result: no
configure:5776: checking for fl32
configure:5805: result: no
configure:5776: checking for af77
configure:5805: result: no
configure:5776: checking for f90
configure:5805: result: no
configure:5776: checking for xlf90
configure:5805: result: no
configure:5776: checking for pgf90
configure:5805: result: no
configure:5776: checking for epcf90
configure:5805: result: no
configure:5776: checking for f95
configure:5805: result: no
configure:5776: checking for fort
configure:5805: result: no
configure:5776: checking for xlf95
configure:5805: result: no
configure:5776: checking for ifc
configure:5805: result: no
configure:5776: checking for efc
configure:5805: result: no
configure:5776: checking for pgf95
configure:5805: result: no
configure:5776: checking for lf95
configure:5805: result: no
configure:5776: checking for gfortran
configure:5805: result: no
configure:5817: checking for Fortran 77 compiler version
configure:5820:  --version </dev/null >&5
./configure: line 5821: --version: command not found
configure:5823: $? = 127
configure:5825:  -v </dev/null >&5
./configure: line 5826: -v: command not found
configure:5828: $? = 127
configure:5830:  -V </dev/null >&5
./configure: line 5831: -V: command not found
configure:5833: $? = 127
configure:5841: checking whether we are using the GNU Fortran 77 compiler
configure:5855:  -c  conftest.F >&5
./configure: line 5856: -c: command not found
configure:5861: $? = 127
configure: failed program was:
|       program main
| #ifndef __GNUC__
|        choke me
| #endif
| 
|       end
configure:5887: result: no
configure:5893: checking whether  accepts -g
configure:5905:  -c -g conftest.f >&5
./configure: line 5906: -c: command not found
configure:5911: $? = 127
configure: failed program was:
|       program main
| 
|       end
configure:5936: result: no
configure:5966: checking the maximum length of command line arguments
configure:6075: result: 32768
configure:6086: checking command to parse /usr/bin/nm -B output from cc object
configure:6191: cc -c -g -O2  conftest.c >&5
configure:6194: $? = 0
configure:6198: /usr/bin/nm -B conftest.o \| sed -n -e 's/^.*[ 	]\([ABCDGIRSTW][ABCDGIRSTW]*\)[ 	][ 	]*\([_A-Za-z][_A-Za-z0-9]*\)$/\1 \2 \2/p' \> conftest.nm
configure:6201: $? = 0
configure:6253: cc -o conftest -g -O2   conftest.c conftstm.o >&5
configure:6256: $? = 0
configure:6294: result: ok
configure:6298: checking for objdir
configure:6313: result: .libs
configure:6403: checking for ar
configure:6419: found /usr/bin/ar
configure:6430: result: ar
configure:6483: checking for ranlib
configure:6499: found /usr/bin/ranlib
configure:6510: result: ranlib
configure:6563: checking for strip
configure:6579: found /usr/bin/strip
configure:6590: result: strip
configure:6866: checking if cc supports -fno-rtti -fno-exceptions
configure:6884: cc -c -g -O2  -fno-rtti -fno-exceptions conftest.c >&5
cc1: warning: command line option "-fno-rtti" is valid for C++/ObjC++ but not for C
cc1: warning: command line option "-fno-rtti" is valid for C++/ObjC++ but not for C
configure:6888: $? = 0
configure:6901: result: no
configure:6916: checking for cc option to produce PIC
configure:7126: result: -fPIC
configure:7134: checking if cc PIC flag -fPIC works
configure:7152: cc -c -g -O2  -fPIC -DPIC conftest.c >&5
configure:7156: $? = 0
configure:7169: result: yes
configure:7197: checking if cc static flag -static works
configure:7225: result: yes
configure:7235: checking if cc supports -c -o file.o
configure:7256: cc -c -g -O2  -o out/conftest2.o conftest.c >&5
configure:7260: $? = 0
configure:7282: result: yes
configure:7308: checking whether the cc linker (/usr/bin/ld -m elf_x86_64) supports shared libraries
configure:8266: result: yes
configure:8287: checking whether -lc should be explicitly linked in
configure:8292: cc -c -g -O2  conftest.c >&5
configure:8295: $? = 0
configure:8310: cc -shared conftest.o  -v -Wl,-soname -Wl,conftest -o conftest 2\>\&1 \| grep  -lc  \>/dev/null 2\>\&1
configure:8313: $? = 0
configure:8325: result: no
configure:8333: checking dynamic linker characteristics
configure:8726: cc -c -g -O2  conftest.c >&5
configure:8729: $? = 0
configure:8942: result: GNU/Linux ld.so
configure:8951: checking how to hardcode library paths into programs
configure:8976: result: immediate
configure:8990: checking whether stripping libraries is possible
configure:8995: result: yes
configure:9829: checking if libtool supports shared libraries
configure:9831: result: yes
configure:9834: checking whether to build shared libraries
configure:9855: result: yes
configure:9858: checking whether to build static libraries
configure:9862: result: no
configure:9954: creating libtool
configure:10545: checking for ld used by g++
configure:10612: result: /usr/bin/ld -m elf_x86_64
configure:10621: checking if the linker (/usr/bin/ld -m elf_x86_64) is GNU ld
configure:10636: result: yes
configure:10687: checking whether the g++ linker (/usr/bin/ld -m elf_x86_64) supports shared libraries
configure:11625: result: yes
configure:11647: g++ -c -g -O2  conftest.cpp >&5
configure:11650: $? = 0
configure:11769: checking for g++ option to produce PIC
configure:12043: result: -fPIC
configure:12051: checking if g++ PIC flag -fPIC works
configure:12069: g++ -c -g -O2  -fPIC -DPIC conftest.cpp >&5
configure:12073: $? = 0
configure:12086: result: yes
configure:12114: checking if g++ static flag -static works
configure:12142: result: yes
configure:12152: checking if g++ supports -c -o file.o
configure:12173: g++ -c -g -O2  -o out/conftest2.o conftest.cpp >&5
configure:12177: $? = 0
configure:12199: result: yes
configure:12225: checking whether the g++ linker (/usr/bin/ld -m elf_x86_64) supports shared libraries
configure:12250: result: yes
configure:12317: checking dynamic linker characteristics
configure:12710: g++ -c -g -O2  conftest.cpp >&5
configure:12713: $? = 0
configure:12926: result: GNU/Linux ld.so
configure:12935: checking how to hardcode library paths into programs
configure:12960: result: immediate
configure:19388: creating ./config.status

## ---------------------- ##
## Running config.status. ##
## ---------------------- ##

This file was extended by config.status, which was
generated by GNU Autoconf 2.59.  Invocation command line was

  CONFIG_FILES    = 
  CONFIG_HEADERS  = 
  CONFIG_LINKS    = 
  CONFIG_COMMANDS = 
  $ ./config.status 

on AY1305261137121230b6Z

config.status:454: creating config.h

## ---------------- ##
## Cache variables. ##
## ---------------- ##

ac_cv_build=x86_64-redhat-linux-gnu
ac_cv_build_alias=x86_64-redhat-linux-gnu
ac_cv_c_compiler_gnu=yes
ac_cv_cxx_compiler_gnu=yes
ac_cv_env_CC_set=
ac_cv_env_CC_value=
ac_cv_env_CFLAGS_set=
ac_cv_env_CFLAGS_value=
ac_cv_env_CPPFLAGS_set=
ac_cv_env_CPPFLAGS_value=
ac_cv_env_CPP_set=
ac_cv_env_CPP_value=
ac_cv_env_CXXCPP_set=
ac_cv_env_CXXCPP_value=
ac_cv_env_CXXFLAGS_set=
ac_cv_env_CXXFLAGS_value=
ac_cv_env_CXX_set=
ac_cv_env_CXX_value=
ac_cv_env_F77_set=
ac_cv_env_F77_value=
ac_cv_env_FFLAGS_set=
ac_cv_env_FFLAGS_value=
ac_cv_env_LDFLAGS_set=
ac_cv_env_LDFLAGS_value=
ac_cv_env_build_alias_set=
ac_cv_env_build_alias_value=
ac_cv_env_host_alias_set=
ac_cv_env_host_alias_value=
ac_cv_env_target_alias_set=
ac_cv_env_target_alias_value=
ac_cv_exeext=
ac_cv_f77_compiler_gnu=no
ac_cv_header_dlfcn_h=yes
ac_cv_header_inttypes_h=yes
ac_cv_header_memory_h=yes
ac_cv_header_stdc=yes
ac_cv_header_stdint_h=yes
ac_cv_header_stdlib_h=yes
ac_cv_header_string_h=yes
ac_cv_header_strings_h=yes
ac_cv_header_sys_stat_h=yes
ac_cv_header_sys_types_h=yes
ac_cv_header_unistd_h=yes
ac_cv_host=x86_64-redhat-linux-gnu
ac_cv_host_alias=x86_64-redhat-linux-gnu
ac_cv_objext=o
ac_cv_prog_AWK=gawk
ac_cv_prog_CPP='cc -E'
ac_cv_prog_CXXCPP='g++ -E'
ac_cv_prog_ac_ct_AR=ar
ac_cv_prog_ac_ct_CC=cc
ac_cv_prog_ac_ct_CXX=g++
ac_cv_prog_ac_ct_RANLIB=ranlib
ac_cv_prog_ac_ct_STRIP=strip
ac_cv_prog_cc_cc_c_o=yes
ac_cv_prog_cc_g=yes
ac_cv_prog_cc_stdc=
ac_cv_prog_cxx_g=yes
ac_cv_prog_egrep='grep -E'
ac_cv_prog_f77_g=no
ac_cv_target=x86_64-redhat-linux-gnu
ac_cv_target_alias=x86_64-redhat-linux-gnu
lt_cv_deplibs_check_method=pass_all
lt_cv_file_magic_cmd='$MAGIC_CMD'
lt_cv_file_magic_test_file=
lt_cv_ld_reload_flag=-r
lt_cv_objdir=.libs
lt_cv_path_LD=/usr/bin/ld
lt_cv_path_LDCXX='/usr/bin/ld -m elf_x86_64'
lt_cv_path_NM='/usr/bin/nm -B'
lt_cv_path_SED=/bin/sed
lt_cv_prog_compiler_c_o=yes
lt_cv_prog_compiler_c_o_CXX=yes
lt_cv_prog_compiler_rtti_exceptions=no
lt_cv_prog_gnu_ld=yes
lt_cv_prog_gnu_ldcxx=yes
lt_cv_sys_global_symbol_pipe='sed -n -e '\''s/^.*[ 	]\([ABCDGIRSTW][ABCDGIRSTW]*\)[ 	][ 	]*\([_A-Za-z][_A-Za-z0-9]*\)$/\1 \2 \2/p'\'''
lt_cv_sys_global_symbol_to_c_name_address='sed -n -e '\''s/^: \([^ ]*\) $/  {\"\1\", (lt_ptr) 0},/p'\'' -e '\''s/^[BCDEGRST] \([^ ]*\) \([^ ]*\)$/  {"\2", (lt_ptr) \&\2},/p'\'''
lt_cv_sys_global_symbol_to_cdecl='sed -n -e '\''s/^. .* \(.*\)$/extern int \1;/p'\'''
lt_cv_sys_max_cmd_len=32768
lt_lt_cv_prog_compiler_c_o='"yes"'
lt_lt_cv_prog_compiler_c_o_CXX='"yes"'
lt_lt_cv_sys_global_symbol_pipe='"sed -n -e '\''s/^.*[ 	]\\([ABCDGIRSTW][ABCDGIRSTW]*\\)[ 	][ 	]*\\([_A-Za-z][_A-Za-z0-9]*\\)\$/\\1 \\2 \\2/p'\''"'
lt_lt_cv_sys_global_symbol_to_c_name_address='"sed -n -e '\''s/^: \\([^ ]*\\) \$/  {\\\"\\1\\\", (lt_ptr) 0},/p'\'' -e '\''s/^[BCDEGRST] \\([^ ]*\\) \\([^ ]*\\)\$/  {\"\\2\", (lt_ptr) \\&\\2},/p'\''"'
lt_lt_cv_sys_global_symbol_to_cdecl='"sed -n -e '\''s/^. .* \\(.*\\)\$/extern int \\1;/p'\''"'
php_cv_cc_dashr=no
php_cv_cc_rpath=yes

## ----------------- ##
## Output variables. ##
## ----------------- ##

AR='ar'
AWK='gawk'
CC='cc'
CFLAGS='-g -O2'
CONFIGURE_COMMAND=' './configure' '
CONFIGURE_OPTIONS=''
CPP='cc -E'
CPPFLAGS=' -DHAVE_CONFIG_H'
CXX='g++'
CXXCPP='g++ -E'
CXXFLAGS='-g -O2'
DEFS='-DHAVE_CONFIG_H'
ECHO='echo'
ECHO_C=''
ECHO_N='-n'
ECHO_T=''
EGREP='grep -E'
EXEEXT=''
F77=''
FFLAGS=''
LDFLAGS=''
LIBOBJS=''
LIBS='-lstdc++ '
LIBTOOL='$(SHELL) $(top_builddir)/libtool'
LN_S='ln -s'
LTLIBOBJS=''
OBJEXT='o'
PACKAGE_BUGREPORT=''
PACKAGE_NAME=''
PACKAGE_STRING=''
PACKAGE_TARNAME=''
PACKAGE_VERSION=''
PATH_SEPARATOR=':'
RANLIB='ranlib'
RE2C='exit 0;'
SED='/bin/sed'
SHELL='/bin/sh'
SHLIB_DL_SUFFIX_NAME='so'
SHLIB_SUFFIX_NAME='so'
STRIP='strip'
ac_ct_AR='ar'
ac_ct_CC='cc'
ac_ct_CXX='g++'
ac_ct_F77=''
ac_ct_RANLIB='ranlib'
ac_ct_STRIP='strip'
bindir='${exec_prefix}/bin'
build='x86_64-redhat-linux-gnu'
build_alias=''
build_cpu='x86_64'
build_os='linux-gnu'
build_vendor='redhat'
datadir='${prefix}/share'
exec_prefix='$(prefix)'
host='x86_64-redhat-linux-gnu'
host_alias='x86_64-redhat-linux-gnu'
host_cpu='x86_64'
host_os='linux-gnu'
host_vendor='redhat'
includedir='${prefix}/include'
infodir='${prefix}/info'
libdir='${exec_prefix}/lib'
libexecdir='${exec_prefix}/libexec'
localstatedir='${prefix}/var'
mandir='${prefix}/man'
oldincludedir='/usr/include'
prefix='/usr'
program_transform_name='s,x,x,'
sbindir='${exec_prefix}/sbin'
sharedstatedir='${prefix}/com'
sysconfdir='${prefix}/etc'
target='x86_64-redhat-linux-gnu'
target_alias=''
target_cpu='x86_64'
target_os='linux-gnu'
target_vendor='redhat'

## ----------- ##
## confdefs.h. ##
## ----------- ##

#define COMPILE_DL_THRIFT_PROTOCOL 1
#define HAVE_DLFCN_H 1
#define HAVE_INTTYPES_H 1
#define HAVE_MEMORY_H 1
#define HAVE_STDINT_H 1
#define HAVE_STDLIB_H 1
#define HAVE_STRINGS_H 1
#define HAVE_STRING_H 1
#define HAVE_SYS_STAT_H 1
#define HAVE_SYS_TYPES_H 1
#define HAVE_UNISTD_H 1
#define PACKAGE_BUGREPORT ""
#define PACKAGE_NAME ""
#define PACKAGE_STRING ""
#define PACKAGE_TARNAME ""
#define PACKAGE_VERSION ""
#define STDC_HEADERS 1
#endif
#ifdef __cplusplus
extern "C" void std::exit (int) throw (); using std::exit;

configure: exit 0
